<test-run id="623f289e-56fa-4bd8-b5e9-204d1f89aa49" name="WebSet" fullname="WebSet" testcasecount="2" passed="1" failed="1" result="Failed" time="27.000" run-date="2021-09-21" start-time="10:10:15" end-time="10:10:37">
<test-suite id="71255116-7844-491c-a484-7d96388901a1" type="Assembly" name="WebSet" fullname="WebSet" testcasecount="2" passed="1" failed="1" result="Failed" time="27.000">
<test-case id="5764639f-c1bd-422c-aaae-36d7a3e20dc5" name="Login1" fullname="Login1" result="Passed" time="9.000"><failure><message><![CDATA[This Test Case has no error. For details see the steps below:
Step 1:   [DONE]   | Opened Url: https://www.saucedemo.com/
Step 2:   [DONE]   | Entered Text 'standard_user' on 'UserID'
Step 3:   [DONE]   | Entered Text 'test' on 'Password'
Step 4:   [DONE]   | Clicking on [Login] Button
Step 5:   [PASS]   | Screenshot is taken
]]></message></failure><attachments><attachment><filePath>C:\Users\LA56QS\MyDevelopmentWorkspace\CITS-2.0\2.0 Features\cognizant-intelligent-test-scripter\Resources\Projects\TestProject\Results\TestExecution\MyRelease\WebSet\21-sep.-2021 10-10-15\img\Web_Login1_Step-5_10-10-22.png</filePath></attachment>
</attachments></test-case><test-case id="247b2831-fdc0-4949-bddc-9b8c94df2a63" name="Login2" fullname="Login2" result="Failed" time="18.000"><failure><message><![CDATA[Step 1:   [DONE]   | Opened Url: https://www.saucedemo.com/
Step 2:   [DONE]   | Entered Text 'standard_user' on 'UserID'
Step 3:   [DONE]   | Entered Text 'test' on 'Password'
Step 4:   [FAIL]   | Element [[Invalid Object]] is not Present
]]></message><stack-trace><![CDATA[Step 4:   [FAIL]   | Element [[Invalid Object]] is not Present
]]></stack-trace></failure><attachments><attachment><filePath>C:\Users\LA56QS\MyDevelopmentWorkspace\CITS-2.0\2.0 Features\cognizant-intelligent-test-scripter\Resources\Projects\TestProject\Results\TestExecution\MyRelease\WebSet\21-sep.-2021 10-10-15\img\Web_Login2_Step-4_10-10-31.png</filePath></attachment>
</attachments></test-case></test-suite></test-run>